<?xml version="1.0" encoding="utf-8"?><testsuites name="pytest tests"><testsuite name="pytest" errors="0" failures="0" skipped="0" tests="10" time="4.240" timestamp="2026-09-06T17:42:27.613686+00:00" hostname="agent-env-d2b2a889-4d6a-41d5-83ec-855dd84b0a6f"><testcase classname="backend.tests.test_artful_iter5" name="test_legal_page_rich_html_persist[returns]" time="1.063" /><testcase classname="backend.tests.test_artful_iter5" name="test_legal_page_rich_html_persist[privacy]" time="0.410" /><testcase classname="backend.tests.test_artful_iter5" name="test_legal_page_rich_html_persist[terms]" time="0.441" /><testcase classname="backend.tests.test_artful_iter5" name="test_legal_page_rich_html_persist[shipping]" time="0.396" /><testcase classname="backend.tests.test_artful_iter5" name="test_cms_page_body_html_persist[about]" time="0.238" /><testcase classname="backend.tests.test_artful_iter5" name="test_cms_page_body_html_persist[our-story]" time="0.273" /><testcase classname="backend.tests.test_artful_iter5" name="test_cms_page_body_html_persist[contact]" time="0.280" /><testcase classname="backend.tests.test_artful_iter5" name="test_cms_page_body_html_persist[corporate-gifting]" time="0.308" /><testcase classname="backend.tests.test_artful_iter5" name="test_refunds_includes_cancelled_orders" time="0.140" /><testcase classname="backend.tests.test_artful_iter5" name="test_refunds_create_and_update" time="0.632" /></testsuite></testsuites>