<?xml version="1.0" encoding="utf-8"?><testsuites name="pytest tests"><testsuite name="pytest" errors="0" failures="0" skipped="0" tests="22" time="5.959" timestamp="2026-09-06T17:12:37.243862+00:00" hostname="agent-env-d2b2a889-4d6a-41d5-83ec-855dd84b0a6f"><testcase classname="backend.tests.test_artful_iter4.TestHealth" name="test_health_razorpay_enabled" time="0.265" /><testcase classname="backend.tests.test_artful_iter4.TestNewsletter" name="test_new_and_duplicate" time="0.208" /><testcase classname="backend.tests.test_artful_iter4.TestNewsletter" name="test_invalid_email" time="0.073" /><testcase classname="backend.tests.test_artful_iter4.TestLegalPages" name="test_legal_pages_200[shipping]" time="0.113" /><testcase classname="backend.tests.test_artful_iter4.TestLegalPages" name="test_legal_pages_200[returns]" time="0.082" /><testcase classname="backend.tests.test_artful_iter4.TestLegalPages" name="test_legal_pages_200[privacy]" time="0.080" /><testcase classname="backend.tests.test_artful_iter4.TestLegalPages" name="test_legal_pages_200[terms]" time="0.083" /><testcase classname="backend.tests.test_artful_iter4.TestLegalPages" name="test_removed_from_legal_404[about]" time="0.075" /><testcase classname="backend.tests.test_artful_iter4.TestLegalPages" name="test_removed_from_legal_404[our-story]" time="0.076" /><testcase classname="backend.tests.test_artful_iter4.TestLegalPages" name="test_removed_from_legal_404[contact]" time="0.082" /><testcase classname="backend.tests.test_artful_iter4.TestLegalPages" name="test_removed_from_legal_404[corporate-gifting]" time="0.085" /><testcase classname="backend.tests.test_artful_iter4.TestCmsPages" name="test_corporate_gifting_has_body_html" time="0.076" /><testcase classname="backend.tests.test_artful_iter4.TestCmsPages" name="test_contact_has_contact_fields" time="0.075" /><testcase classname="backend.tests.test_artful_iter4.TestVisitors" name="test_track_and_admin_list" time="0.739" /><testcase classname="backend.tests.test_artful_iter4.TestAdminOrderDetail" name="test_admin_order_has_address_and_giftwrap" time="0.714" /><testcase classname="backend.tests.test_artful_iter4.TestRazorpayCheckout" name="test_razorpay_order_created" time="1.185" /><testcase classname="backend.tests.test_artful_iter4.TestRazorpayCheckout" name="test_cod_full_flow_with_gift_wrap_pricing" time="0.314" /><testcase classname="backend.tests.test_artful_iter4.TestAdminCmsPages" name="test_put_contact_persists" time="0.234" /><testcase classname="backend.tests.test_artful_iter4.TestAdminCmsPages" name="test_put_body_html_persists[about]" time="0.190" /><testcase classname="backend.tests.test_artful_iter4.TestAdminCmsPages" name="test_put_body_html_persists[our-story]" time="0.232" /><testcase classname="backend.tests.test_artful_iter4.TestAdminCmsPages" name="test_put_body_html_persists[corporate-gifting]" time="0.219" /><testcase classname="backend.tests.test_artful_iter4.TestCollections" name="test_manual_and_dynamic_collection" time="0.659" /></testsuite></testsuites>