<?xml version="1.0" encoding="utf-8"?><testsuites name="pytest tests"><testsuite name="pytest" errors="0" failures="0" skipped="0" tests="2" time="2.320" timestamp="2026-09-06T18:12:16.835079+00:00" hostname="agent-env-d2b2a889-4d6a-41d5-83ec-855dd84b0a6f"><testcase classname="backend.tests.test_personalization_bug" name="test_place_cod_order_with_personalization" time="1.888" /><testcase classname="backend.tests.test_personalization_bug" name="test_place_cod_order_without_personalization" time="0.373" /></testsuite></testsuites>