<?xml version="1.0" encoding="utf-8"?><testsuites name="pytest tests"><testsuite name="pytest" errors="0" failures="0" skipped="0" tests="8" time="3.363" timestamp="2026-09-05T11:17:49.665746+00:00" hostname="agent-env-6dd45482-d7cf-44a5-8155-cb29bd58a103"><testcase classname="backend.tests.test_artful_new_features.TestAdminUpload" name="test_upload_image_returns_url_and_serves" time="1.439" /><testcase classname="backend.tests.test_artful_new_features.TestAdminUpload" name="test_upload_rejects_bad_extension" time="0.123" /><testcase classname="backend.tests.test_artful_new_features.TestAdminUpload" name="test_upload_requires_admin" time="0.158" /><testcase classname="backend.tests.test_artful_new_features.TestActiveCampaign" name="test_active_campaign_endpoint" time="0.048" /><testcase classname="backend.tests.test_artful_new_features.TestActiveCampaign" name="test_admin_create_promotion_shows_in_active" time="0.292" /><testcase classname="backend.tests.test_artful_new_features.TestVerifiedReviews" name="test_cannot_review_without_purchase" time="0.279" /><testcase classname="backend.tests.test_artful_new_features.TestVerifiedReviews" name="test_verified_buyer_review_then_admin_approve" time="0.533" /><testcase classname="backend.tests.test_artful_new_features.TestCancelOrder" name="test_customer_can_cancel_pending_cod_order" time="0.418" /></testsuite></testsuites>