<?xml version="1.0" encoding="utf-8"?><testsuites name="pytest tests"><testsuite name="pytest" errors="0" failures="1" skipped="0" tests="16" time="2.514" timestamp="2026-09-06T10:05:40.146704+00:00" hostname="agent-env-7d65f677-856a-4f24-92c9-c7d24ac1d7aa"><testcase classname="backend.tests.test_phase1_storefront.TestNewsletter" name="test_subscribe_new_email" time="0.222" /><testcase classname="backend.tests.test_phase1_storefront.TestNewsletter" name="test_subscribe_duplicate" time="0.121" /><testcase classname="backend.tests.test_phase1_storefront.TestNewsletter" name="test_subscribe_invalid_email" time="0.063" /><testcase classname="backend.tests.test_phase1_storefront.TestContact" name="test_contact_ok" time="0.066" /><testcase classname="backend.tests.test_phase1_storefront.TestContact" name="test_contact_missing_name" time="0.058" /><testcase classname="backend.tests.test_phase1_storefront.TestContact" name="test_contact_missing_message" time="0.058" /><testcase classname="backend.tests.test_phase1_storefront.TestSettings" name="test_settings_contact_fields" time="0.056" /><testcase classname="backend.tests.test_phase1_storefront.TestCMSHomepage" name="test_hero_slides_with_badges" time="0.063" /><testcase classname="backend.tests.test_phase1_storefront.TestCMSHomepage" name="test_promise_section_present" time="0.062" /><testcase classname="backend.tests.test_phase1_storefront.TestCMSHomepage" name="test_why_artful_values_have_icons" time="0.060" /><testcase classname="backend.tests.test_phase1_storefront.TestCategoriesIcons" name="test_categories_have_icon" time="0.059" /><testcase classname="backend.tests.test_phase1_storefront.TestOrderFlowSMS" name="test_place_and_cancel_order_produces_sms_dev_logs" time="0.392"><failure message="AssertionError: {&quot;detail&quot;:&quot;Order not found.&quot;}&#10;assert 404 == 200&#10; +  where 404 = &lt;Response [404]&gt;.status_code">backend/tests/test_phase1_storefront.py:214: in test_place_and_cancel_order_produces_sms_dev_logs
    assert mp.status_code == 200, mp.text
E   AssertionError: {"detail":"Order not found."}
E   assert 404 == 200
E    +  where 404 = &lt;Response [404]&gt;.status_code</failure></testcase><testcase classname="backend.tests.test_phase1_storefront.TestCustomerProfile" name="test_update_name_and_email" time="0.233" /><testcase classname="backend.tests.test_phase1_storefront.TestCustomerProfile" name="test_update_phone_valid" time="0.226" /><testcase classname="backend.tests.test_phase1_storefront.TestCustomerProfile" name="test_update_phone_invalid" time="0.262" /><testcase classname="backend.tests.test_phase1_storefront.TestCustomerProfile" name="test_update_phone_conflict" time="0.414" /></testsuite></testsuites>