<?xml version="1.0" encoding="utf-8"?><testsuites name="pytest tests"><testsuite name="pytest" errors="0" failures="0" skipped="0" tests="33" time="3.497" timestamp="2026-09-05T10:18:35.942468+00:00" hostname="agent-env-6dd45482-d7cf-44a5-8155-cb29bd58a103"><testcase classname="backend.tests.test_artful_api" name="test_health" time="0.296" /><testcase classname="backend.tests.test_artful_api" name="test_categories" time="0.047" /><testcase classname="backend.tests.test_artful_api" name="test_products_list" time="0.049" /><testcase classname="backend.tests.test_artful_api" name="test_products_filter_on_sale" time="0.045" /><testcase classname="backend.tests.test_artful_api" name="test_product_detail" time="0.076" /><testcase classname="backend.tests.test_artful_api" name="test_cms_homepage" time="0.044" /><testcase classname="backend.tests.test_artful_api" name="test_search_typo_correction" time="0.060" /><testcase classname="backend.tests.test_artful_api" name="test_search_autocomplete" time="0.045" /><testcase classname="backend.tests.test_artful_api" name="test_otp_send_invalid_phone" time="0.042" /><testcase classname="backend.tests.test_artful_api" name="test_otp_verify_wrong_code" time="0.088" /><testcase classname="backend.tests.test_artful_api" name="test_customer_me" time="0.123" /><testcase classname="backend.tests.test_artful_api" name="test_coupon_validate_welcome10" time="0.089" /><testcase classname="backend.tests.test_artful_api" name="test_order_created_and_visible" time="0.236" /><testcase classname="backend.tests.test_artful_api" name="test_mock_pay_idempotent_no_double_deduct" time="0.216" /><testcase classname="backend.tests.test_artful_api" name="test_cod_order" time="0.176" /><testcase classname="backend.tests.test_artful_api" name="test_track_order" time="0.083" /><testcase classname="backend.tests.test_artful_api" name="test_track_wrong_phone" time="0.062" /><testcase classname="backend.tests.test_artful_api" name="test_wishlist_requires_auth" time="0.042" /><testcase classname="backend.tests.test_artful_api" name="test_wishlist_add" time="0.106" /><testcase classname="backend.tests.test_artful_api" name="test_admin_dashboard" time="0.324" /><testcase classname="backend.tests.test_artful_api" name="test_admin_requires_token" time="0.039" /><testcase classname="backend.tests.test_artful_api" name="test_admin_wrong_password_locks" time="0.296" /><testcase classname="backend.tests.test_artful_api" name="test_admin_product_appears_on_storefront" time="0.140" /><testcase classname="backend.tests.test_artful_api" name="test_admin_product_update" time="0.045" /><testcase classname="backend.tests.test_artful_api" name="test_admin_inventory_adjust" time="0.044" /><testcase classname="backend.tests.test_artful_api" name="test_admin_orders_list" time="0.045" /><testcase classname="backend.tests.test_artful_api" name="test_admin_order_status_update" time="0.089" /><testcase classname="backend.tests.test_artful_api" name="test_admin_coupon_create" time="0.043" /><testcase classname="backend.tests.test_artful_api" name="test_admin_customers_list" time="0.045" /><testcase classname="backend.tests.test_artful_api" name="test_admin_search_analytics" time="0.048" /><testcase classname="backend.tests.test_artful_api" name="test_admin_settings" time="0.043" /><testcase classname="backend.tests.test_artful_api" name="test_admin_cms_homepage" time="0.050" /><testcase classname="backend.tests.test_artful_api" name="test_customer_cannot_access_other_order" time="0.221" /></testsuite></testsuites>